[province] Scraping Saigon → https://www.vietnam.ttu.edu/references/maps/south/saigon.php
  → 4 maps: 6330-1, 6330-2, 6330-3, 6330-4
  [lookup] 6330-1 ...
    → obj=608873 | coords=None
  [lookup] 6330-2 ...
    → obj=608874 | coords=None
  [lookup] 6330-3 ...
    → obj=608875 | coords=None
  [lookup] 6330-4 ...
    → obj=608876 | coords=None
[province] Scraping Gia Dinh → https://www.vietnam.ttu.edu/references/maps/south/giadinh.php
  → 8 maps: 6329-1, 6329-4, 6330-1, 6330-2, 6330-3, 6330-4, 6429-4, 6430-3
  [lookup] 6329-1 ...
    → obj=608869 | coords=None
  [lookup] 6329-4 ...
    → obj=608872 | coords=None
  [dup] 6330-1 already known, added province → ['Saigon', 'Gia Dinh']
  [dup] 6330-2 already known, added province → ['Saigon', 'Gia Dinh']
  [dup] 6330-3 already known, added province → ['Saigon', 'Gia Dinh']
  [dup] 6330-4 already known, added province → ['Saigon', 'Gia Dinh']
  [lookup] 6429-4 ...
    → obj=608921 | coords=None
  [lookup] 6430-3 ...
    → obj=608924 | coords=None
[province] Done. 8 total maps in maps.json.
[province] Scraping Saigon → https://www.vietnam.ttu.edu/references/maps/south/saigon.php
  → 4 maps: 6330-1, 6330-2, 6330-3, 6330-4
  [lookup] 6330-1 ...
[province] Scraping Saigon → https://www.vietnam.ttu.edu/references/maps/south/saigon.php
  → 4 maps: 6330-1, 6330-2, 6330-3, 6330-4
  [lookup] 6330-1 ...
    → obj=608873 | coords={'north': 11.0, 'south': 10.75, 'west': 106.75, 'east': 107.0}
  [lookup] 6330-2 ...
    → obj=608874 | coords={'north': 10.75, 'south': 10.5, 'west': 106.75, 'east': 107.0}
  [lookup] 6330-3 ...
    → obj=608875 | coords={'north': 10.75, 'south': 10.5, 'west': 106.5, 'east': 106.75}
  [lookup] 6330-4 ...
    → obj=608876 | coords={'north': 11.0, 'south': 10.75, 'west': 106.5, 'east': 106.75}
[province] Scraping Gia Dinh → https://www.vietnam.ttu.edu/references/maps/south/giadinh.php
  → 8 maps: 6329-1, 6329-4, 6330-1, 6330-2, 6330-3, 6330-4, 6429-4, 6430-3
  [lookup] 6329-1 ...
    → obj=608869 | coords={'north': 10.5, 'south': 10.25, 'west': 106.75, 'east': 107.0}
  [lookup] 6329-4 ...
    → obj=608872 | coords={'north': 10.5, 'south': 10.25, 'west': 106.5, 'east': 106.75}
  [dup] 6330-1 already known, added province → ['Saigon', 'Gia Dinh']
  [dup] 6330-2 already known, added province → ['Saigon', 'Gia Dinh']
  [dup] 6330-3 already known, added province → ['Saigon', 'Gia Dinh']
  [dup] 6330-4 already known, added province → ['Saigon', 'Gia Dinh']
  [lookup] 6429-4 ...
    → obj=608921 | coords={'north': 10.5, 'south': 10.25, 'west': 107.0, 'east': 107.25}
  [lookup] 6430-3 ...
    → obj=608924 | coords={'north': 10.75, 'south': 10.5, 'west': 107.0, 'east': 107.25}
[province] Done. 8 total maps in maps.json.
[download] 6330-1 ...
  → 2.0 MB
[download] 6330-2 ...
  → 2.6 MB
[download] 6330-3 ...
  → 2.8 MB
[download] 6330-4 ...
  → 2.1 MB
[download] 6329-1 ...
  → 2.1 MB
[download] 6329-4 ...
  → 2.6 MB
[download] 6429-4 ...
  → 2.1 MB
[download] 6430-3 ...
  → 2.3 MB
[upload] 6330-1 → ia:vma-l7014-63301 ...
  → https://iiif.archive.org/iiif/3/vma-l7014-63301%2F6330-1.jpg/info.json
[upload] 6330-2 → ia:vma-l7014-63302 ...
  → https://iiif.archive.org/iiif/3/vma-l7014-63302%2F6330-2.jpg/info.json
[upload] 6330-3 → ia:vma-l7014-63303 ...
  → https://iiif.archive.org/iiif/3/vma-l7014-63303%2F6330-3.jpg/info.json
[upload] 6330-4 → ia:vma-l7014-63304 ...
  → https://iiif.archive.org/iiif/3/vma-l7014-63304%2F6330-4.jpg/info.json
[upload] 6329-1 → ia:vma-l7014-63291 ...
  → https://iiif.archive.org/iiif/3/vma-l7014-63291%2F6329-1.jpg/info.json
[upload] 6329-4 → ia:vma-l7014-63294 ...
  → ERROR 503: <?xml version='1.0' encoding='UTF-8'?>
<Error><Code>SlowDown</Code><Message>Please reduce your request rate.</Message><Resource>Your upload of vma-l7014-63294 from username vietnamma.project@gmail.com
[upload] 6429-4 → ia:vma-l7014-64294 ...
  → ERROR 503: <?xml version='1.0' encoding='UTF-8'?>
<Error><Code>SlowDown</Code><Message>Please reduce your request rate.</Message><Resource>Your upload of vma-l7014-64294 from username vietnamma.project@gmail.com
[upload] 6430-3 → ia:vma-l7014-64303 ...
  → ERROR 503: <?xml version='1.0' encoding='UTF-8'?>
<Error><Code>SlowDown</Code><Message>Please reduce your request rate.</Message><Resource>Your upload of vma-l7014-64303 from username vietnamma.project@gmail.com
[upload] 6330-1 already uploaded, skipping.
[upload] 6330-2 already uploaded, skipping.
[upload] 6330-3 already uploaded, skipping.
[upload] 6330-4 already uploaded, skipping.
[upload] 6329-1 already uploaded, skipping.
[upload] 6329-4 → ia:vma-l7014-63294 ...
  → ERROR 503: <?xml version='1.0' encoding='UTF-8'?>
<Error><Code>SlowDown</Code><Message>Please reduce your request rate.</Message><Resource>Your upload of vma-l7014-63294 from username vietnamma.project@gmail.com
[upload] 6429-4 → ia:vma-l7014-64294 ...
  → ERROR 503: <?xml version='1.0' encoding='UTF-8'?>
<Error><Code>SlowDown</Code><Message>Please reduce your request rate.</Message><Resource>Your upload of vma-l7014-64294 from username vietnamma.project@gmail.com
[upload] 6430-3 → ia:vma-l7014-64303 ...
  → ERROR 503: <?xml version='1.0' encoding='UTF-8'?>
<Error><Code>SlowDown</Code><Message>Please reduce your request rate.</Message><Resource>Your upload of vma-l7014-64303 from username vietnamma.project@gmail.com
[upload] 6330-1 already uploaded, skipping.
[upload] 6330-2 already uploaded, skipping.
[upload] 6330-3 already uploaded, skipping.
[upload] 6330-4 already uploaded, skipping.
[upload] 6329-1 already uploaded, skipping.
[upload] 6329-4 → ia:vma-l7014-63294 ...
  → 503 SlowDown, will retry next run
[upload] 6429-4 → ia:vma-l7014-64294 ...
  → 503 SlowDown, will retry next run
[upload] 6430-3 → ia:vma-l7014-64303 ...
  → 503 SlowDown, will retry next run
[georef] 6330-1: 6500×6800px ...
  → EXCEPTION: name 'neatline_pixels' is not defined
[georef] 6330-2: 6500×6800px ...
  → EXCEPTION: name 'neatline_pixels' is not defined
[georef] 6330-3: 6500×6800px ...
  → EXCEPTION: name 'neatline_pixels' is not defined
[georef] 6330-4: 6500×6800px ...
  → EXCEPTION: name 'neatline_pixels' is not defined
[georef] 6329-1: 6500×6800px ...
  → EXCEPTION: name 'neatline_pixels' is not defined
[georef] 6329-4: missing iiif_url or coords, skipping.
[georef] 6429-4: missing iiif_url or coords, skipping.
[georef] 6430-3: missing iiif_url or coords, skipping.
[georef] 6330-1: 6500×6800px ...
  → ERROR 401: {
  "error": "Invalid API key"
}
[georef] 6330-2: 6500×6800px ...
  → ERROR 401: {
  "error": "Invalid API key"
}
[georef] 6330-3: 6500×6800px ...
  → ERROR 401: {
  "error": "Invalid API key"
}
[georef] 6330-4: 6500×6800px ...
  → ERROR 401: {
  "error": "Invalid API key"
}
[georef] 6329-1: 6500×6800px ...
  → ERROR 401: {
  "error": "Invalid API key"
}
[georef] 6329-4: missing iiif_url or coords, skipping.
[georef] 6429-4: missing iiif_url or coords, skipping.
[georef] 6430-3: missing iiif_url or coords, skipping.
[upload] 6330-1 already uploaded, skipping.
[upload] 6330-2 already uploaded, skipping.
[upload] 6330-3 already uploaded, skipping.
[upload] 6330-4 already uploaded, skipping.
[upload] 6329-1 already uploaded, skipping.
[upload] 6329-4 → ia:vma-l7014-63294 ...
  → 503 SlowDown, will retry next run
[upload] 6429-4 → ia:vma-l7014-64294 ...
  → 503 SlowDown, will retry next run
[upload] 6430-3 → ia:vma-l7014-64303 ...
  → 503 SlowDown, will retry next run
[georef] 6330-1: no manifest_url, skipping.
[georef] 6330-2: no manifest_url, skipping.
[georef] 6330-3: no manifest_url, skipping.
[georef] 6330-4: no manifest_url, skipping.
[georef] 6329-1: no manifest_url, skipping.
[georef] 6329-4: no manifest_url, skipping.
[georef] 6429-4: no manifest_url, skipping.
[georef] 6430-3: no manifest_url, skipping.
[georef] Done. 0 annotations generated in l7014_data/annotations/
[upload] 6330-1 already uploaded, skipping.
[upload] 6330-2 already uploaded, skipping.
[upload] 6330-3 already uploaded, skipping.
[upload] 6330-4 already uploaded, skipping.
[upload] 6329-1 already uploaded, skipping.
  [rate limit] check_limit: {'accesskey': '0cxh4UFSc6ZXl4ZH', 'bucket': 'vma-l7014', 'detail': {'accesskey_ration': 499, 'accesskey_tasks_queued': 0, 'bucket_limit': 999, 'bucket_ration': 149, 'bucket_tasks_queued': 0, 'limit_reason': '', 'rationing_engaged': 0, 'rationing_level': 9999, 'total_global_limit': 11999, 'total_tasks_queued': 9387}, 'over_limit': 0}
[upload] 6329-4 → ia:vma-l7014-63294 ...
  → 503 SlowDown, will retry next run
  [rate limit] check_limit: {'accesskey': '0cxh4UFSc6ZXl4ZH', 'bucket': 'vma-l7014', 'detail': {'accesskey_ration': 499, 'accesskey_tasks_queued': 0, 'bucket_limit': 999, 'bucket_ration': 149, 'bucket_tasks_queued': 0, 'limit_reason': '', 'rationing_engaged': 0, 'rationing_level': 9999, 'total_global_limit': 11999, 'total_tasks_queued': 9392}, 'over_limit': 0}
[upload] 6429-4 → ia:vma-l7014-64294 ...
  → 503 SlowDown, will retry next run
  [rate limit] check_limit: {'accesskey': '0cxh4UFSc6ZXl4ZH', 'bucket': 'vma-l7014', 'detail': {'accesskey_ration': 499, 'accesskey_tasks_queued': 0, 'bucket_limit': 999, 'bucket_ration': 149, 'bucket_tasks_queued': 0, 'limit_reason': '', 'rationing_engaged': 0, 'rationing_level': 9999, 'total_global_limit': 11999, 'total_tasks_queued': 9412}, 'over_limit': 0}
[upload] 6430-3 → ia:vma-l7014-64303 ...
  → 503 SlowDown, will retry next run
[georef] 6330-1: no manifest_url, skipping.
[georef] 6330-2: no manifest_url, skipping.
[georef] 6330-3: no manifest_url, skipping.
[georef] 6330-4: no manifest_url, skipping.
[georef] 6329-1: no manifest_url, skipping.
[georef] 6329-4: no manifest_url, skipping.
[georef] 6429-4: no manifest_url, skipping.
[georef] 6430-3: no manifest_url, skipping.
[georef] Done. 0 annotations generated in l7014_data/annotations/
[georef] 6330-1: fetching image dimensions ...
  → 6500×6800px
  → saved l7014_data/annotations/6330-1.json
[georef] 6330-2: fetching image dimensions ...
  → 6500×6800px
  → saved l7014_data/annotations/6330-2.json
[georef] 6330-3: fetching image dimensions ...
  → 6500×6800px
  → saved l7014_data/annotations/6330-3.json
[georef] 6330-4: fetching image dimensions ...
  → 6500×6800px
  → saved l7014_data/annotations/6330-4.json
[georef] 6329-1: fetching image dimensions ...
  → 6500×6800px
  → saved l7014_data/annotations/6329-1.json
[georef] 6329-4: no IIIF URL, skipping.
[georef] 6429-4: no IIIF URL, skipping.
[georef] 6430-3: no IIIF URL, skipping.
[georef] Done. 5 annotations generated in l7014_data/annotations/
[push-annotations] 6330-1: uploading ...
  → https://trioykjhhwrruwjsklfo.supabase.co/storage/v1/object/public/annotations/6330-1.json
[push-annotations] Limit of 1 reached.
[push-annotations] Done. 1 annotations pushed.
[georef] 6330-1: fetching image dimensions ...
  → 6500×6800px
  → saved l7014_data/annotations/6330-1.json
[georef] 6330-2: fetching image dimensions ...
  → 6500×6800px
  → saved l7014_data/annotations/6330-2.json
[georef] 6330-3: fetching image dimensions ...
  → 6500×6800px
  → saved l7014_data/annotations/6330-3.json
[georef] 6330-4: fetching image dimensions ...
  → 6500×6800px
  → saved l7014_data/annotations/6330-4.json
[georef] 6329-1: fetching image dimensions ...
  → 6500×6800px
  → saved l7014_data/annotations/6329-1.json
[georef] 6329-4: no IIIF URL, skipping.
[georef] 6429-4: no IIIF URL, skipping.
[georef] 6430-3: no IIIF URL, skipping.
[georef] Done. 5 annotations generated in l7014_data/annotations/
[push-annotations] 6330-1: uploading ...
  → ERROR 400: {"statusCode":"409","error":"Duplicate","message":"The resource already exists"}
[push-annotations] 6330-2: uploading ...
  → https://trioykjhhwrruwjsklfo.supabase.co/storage/v1/object/public/annotations/6330-2.json
[push-annotations] 6330-3: uploading ...
  → https://trioykjhhwrruwjsklfo.supabase.co/storage/v1/object/public/annotations/6330-3.json
[push-annotations] 6330-4: uploading ...
  → https://trioykjhhwrruwjsklfo.supabase.co/storage/v1/object/public/annotations/6330-4.json
[push-annotations] 6329-1: uploading ...
  → https://trioykjhhwrruwjsklfo.supabase.co/storage/v1/object/public/annotations/6329-1.json
[push-annotations] 6329-4: no annotation_file, skipping.
[push-annotations] 6429-4: no annotation_file, skipping.
[push-annotations] 6430-3: no annotation_file, skipping.
[push-annotations] Done. 4 annotations pushed.
[push-annotations] 6330-1: uploading ...
  → https://trioykjhhwrruwjsklfo.supabase.co/storage/v1/object/public/annotations/6330-1.json
[push-annotations] Limit of 1 reached.
[push-annotations] Done. 1 annotations pushed.
[georef] 6330-1: fetching image dimensions ...
  → 3485×3710px
  → saved l7014_data/annotations/6330-1.json
[georef] 6330-2: fetching image dimensions ...
  → 3406×4458px
  → saved l7014_data/annotations/6330-2.json
[georef] 6330-3: fetching image dimensions ...
  → 3399×4397px
  → saved l7014_data/annotations/6330-3.json
[georef] 6330-4: fetching image dimensions ...
  → 3510×3696px
  → saved l7014_data/annotations/6330-4.json
[georef] 6329-1: fetching image dimensions ...
  → 3402×4434px
  → saved l7014_data/annotations/6329-1.json
[georef] 6329-4: no IIIF URL, skipping.
[georef] 6429-4: no IIIF URL, skipping.
[georef] 6430-3: no IIIF URL, skipping.
[georef] Done. 5 annotations generated in l7014_data/annotations/
[push-annotations] 6330-1: uploading ...
  → https://trioykjhhwrruwjsklfo.supabase.co/storage/v1/object/public/annotations/6330-1.json
[push-annotations] 6330-2: uploading ...
  → https://trioykjhhwrruwjsklfo.supabase.co/storage/v1/object/public/annotations/6330-2.json
[push-annotations] 6330-3: uploading ...
  → https://trioykjhhwrruwjsklfo.supabase.co/storage/v1/object/public/annotations/6330-3.json
[push-annotations] 6330-4: uploading ...
  → https://trioykjhhwrruwjsklfo.supabase.co/storage/v1/object/public/annotations/6330-4.json
[push-annotations] 6329-1: uploading ...
  → https://trioykjhhwrruwjsklfo.supabase.co/storage/v1/object/public/annotations/6329-1.json
[push-annotations] 6329-4: no annotation_file, skipping.
[push-annotations] 6429-4: no annotation_file, skipping.
[push-annotations] 6430-3: no annotation_file, skipping.
[push-annotations] Done. 5 annotations pushed.
[georef] 6330-1: fetching image dimensions ...
  → 3485×3710px
  → saved l7014_data/annotations/6330-1.json
[georef] 6330-2: fetching image dimensions ...
  → 3406×4458px
  → saved l7014_data/annotations/6330-2.json
[georef] 6330-3: fetching image dimensions ...
  → 3399×4397px
  → saved l7014_data/annotations/6330-3.json
[georef] 6330-4: fetching image dimensions ...
  → 3510×3696px
  → saved l7014_data/annotations/6330-4.json
[georef] 6329-1: fetching image dimensions ...
  → 3402×4434px
  → saved l7014_data/annotations/6329-1.json
[georef] 6329-4: no IIIF URL, skipping.
[georef] 6429-4: no IIIF URL, skipping.
[georef] 6430-3: no IIIF URL, skipping.
[georef] Done. 5 annotations generated in l7014_data/annotations/
[push-annotations] 6330-1: uploading ...
  → https://trioykjhhwrruwjsklfo.supabase.co/storage/v1/object/public/annotations/6330-1.json
[push-annotations] 6330-2: uploading ...
  → https://trioykjhhwrruwjsklfo.supabase.co/storage/v1/object/public/annotations/6330-2.json
[push-annotations] 6330-3: uploading ...
  → https://trioykjhhwrruwjsklfo.supabase.co/storage/v1/object/public/annotations/6330-3.json
[push-annotations] 6330-4: uploading ...
  → https://trioykjhhwrruwjsklfo.supabase.co/storage/v1/object/public/annotations/6330-4.json
[push-annotations] 6329-1: uploading ...
  → https://trioykjhhwrruwjsklfo.supabase.co/storage/v1/object/public/annotations/6329-1.json
[push-annotations] 6329-4: no annotation_file, skipping.
[push-annotations] 6429-4: no annotation_file, skipping.
[push-annotations] 6430-3: no annotation_file, skipping.
[push-annotations] Done. 5 annotations pushed.
